[20:04:57] [ServerMain/INFO]: Building unoptimized datafixer
[20:04:58] [ServerMain/INFO]: Environment: authHost='https://authserver.mojang.com', accountsHost='https://api.mojang.com', sessionHost='https://sessionserver.mojang.com', servicesHost='https://api.minecraftservices.com', name='PROD'
[20:04:59] [ServerMain/INFO]: Loaded 7 recipes
[20:04:59] [ServerMain/INFO]: Loaded 1179 advancements
[20:05:00] [Server thread/INFO]: Starting minecraft server version 1.19.3
[20:05:00] [Server thread/INFO]: Loading properties
[20:05:00] [Server thread/INFO]: Default game type: SURVIVAL
[20:05:00] [Server thread/INFO]: Generating keypair
[20:05:00] [Server thread/INFO]: Starting Minecraft server on *:25565
[20:05:00] [Server thread/INFO]: Using default channel type
[20:05:00] [Server thread/INFO]: Preparing level "world"
[20:05:01] [Server thread/INFO]: Preparing start region for dimension minecraft:overworld
[20:05:02] [Worker-Main-10/INFO]: Preparing spawn area: 0%
[20:05:02] [Worker-Main-10/INFO]: Preparing spawn area: 0%
[20:05:02] [Worker-Main-10/INFO]: Preparing spawn area: 0%
[20:05:02] [Worker-Main-10/INFO]: Preparing spawn area: 0%
[20:05:03] [Worker-Main-1/INFO]: Preparing spawn area: 68%
[20:05:03] [Server thread/INFO]: Time elapsed: 2120 ms
[20:05:03] [Server thread/INFO]: Done (2.872s)! For help, type "help"
[20:05:06] [Server thread/INFO]: Stopping the server
[20:05:07] [Server thread/INFO]: Stopping server
[20:05:07] [Server thread/INFO]: Saving players
[20:05:07] [Server thread/INFO]: Saving worlds
[20:05:07] [Server thread/INFO]: Saving chunks for level 'ServerLevel[world]'/minecraft:overworld
[20:05:07] [Server thread/INFO]: Saving chunks for level 'ServerLevel[world]'/minecraft:the_end
[20:05:07] [Server thread/INFO]: Saving chunks for level 'ServerLevel[world]'/minecraft:the_nether
[20:05:07] [Server thread/INFO]: ThreadedAnvilChunkStorage (world): All chunks are saved
[20:05:07] [Server thread/INFO]: ThreadedAnvilChunkStorage (DIM1): All chunks are saved
[20:05:07] [Server thread/INFO]: ThreadedAnvilChunkStorage (DIM-1): All chunks are saved
[20:05:07] [Server thread/INFO]: ThreadedAnvilChunkStorage: All dimensions are saved
